<?xml version="1.0" encoding="UTF-8"?>
<testng-results skipped="0" failed="0" ignored="1" total="2" passed="1">
  <reporter-output>
  </reporter-output>
  <suite name="Default suite" duration-ms="8034" started-at="2019-09-24T00:28:51Z" finished-at="2019-09-24T00:28:59Z">
    <groups>
    </groups>
    <test name="Default test" duration-ms="8034" started-at="2019-09-24T00:28:51Z" finished-at="2019-09-24T00:28:59Z">
      <class name="com.lti.ra.ChickenApp">
        <test-method status="PASS" signature="f2()[pri:0, instance:com.lti.ra.ChickenApp@735b5592]" name="f2" duration-ms="8018" started-at="2019-09-23T17:28:51Z" finished-at="2019-09-23T17:28:59Z">
          <reporter-output>
          </reporter-output>
        </test-method> <!-- f2 -->
      </class> <!-- com.lti.ra.ChickenApp -->
    </test> <!-- Default test -->
  </suite> <!-- Default suite -->
</testng-results>
